<?xml version="1.0" encoding="UTF-8"?>
<testsuite name="com.packtpublishing.tddjava.ch02friendships.FriendshipsAssertJTest" tests="2" skipped="0" failures="0" errors="0" timestamp="2019-06-09T20:47:47" hostname="MiniStack.home" time="0.225">
  <properties/>
  <testcase name="joeHas5Friends" classname="com.packtpublishing.tddjava.ch02friendships.FriendshipsAssertJTest" time="0.224"/>
  <testcase name="alexDoesNotHaveFriends" classname="com.packtpublishing.tddjava.ch02friendships.FriendshipsAssertJTest" time="0.001"/>
  <system-out><![CDATA[]]></system-out>
  <system-err><![CDATA[]]></system-err>
</testsuite>
